<?xml version="1.0" encoding="UTF-8"?>
<coverage generated="1764939341990" clover="3.2.0">
  <project timestamp="1764939341990" name="All files">
    <metrics statements="34" coveredstatements="34" conditionals="10" coveredconditionals="9" methods="16" coveredmethods="16" elements="60" coveredelements="59" complexity="0" loc="34" ncloc="34" packages="2" files="7" classes="7"/>
    <package name="src">
      <metrics statements="8" coveredstatements="8" conditionals="0" coveredconditionals="0" methods="4" coveredmethods="4"/>
      <file name="App.jsx" path="C:\Users\annap\Desktop\meet\src\App.jsx">
        <metrics statements="1" coveredstatements="1" conditionals="0" coveredconditionals="0" methods="1" coveredmethods="1"/>
        <line num="8" count="4" type="stmt"/>
      </file>
      <file name="api.js" path="C:\Users\annap\Desktop\meet\src\api.js">
        <metrics statements="6" coveredstatements="6" conditionals="0" coveredconditionals="0" methods="3" coveredmethods="3"/>
        <line num="15" count="3" type="stmt"/>
        <line num="16" count="70" type="stmt"/>
        <line num="17" count="2" type="stmt"/>
        <line num="18" count="2" type="stmt"/>
        <line num="25" count="3" type="stmt"/>
        <line num="26" count="10" type="stmt"/>
      </file>
      <file name="mock-data.js" path="C:\Users\annap\Desktop\meet\src\mock-data.js">
        <metrics statements="1" coveredstatements="1" conditionals="0" coveredconditionals="0" methods="0" coveredmethods="0"/>
        <line num="3" count="3" type="stmt"/>
      </file>
    </package>
    <package name="src.components">
      <metrics statements="26" coveredstatements="26" conditionals="10" coveredconditionals="9" methods="12" coveredmethods="12"/>
      <file name="CitySearch.jsx" path="C:\Users\annap\Desktop\meet\src\components\CitySearch.jsx">
        <metrics statements="17" coveredstatements="17" conditionals="4" coveredconditionals="3" methods="6" coveredmethods="6"/>
        <line num="4" count="2" type="stmt"/>
        <line num="5" count="27" type="stmt"/>
        <line num="6" count="27" type="stmt"/>
        <line num="7" count="27" type="stmt"/>
        <line num="9" count="27" type="stmt"/>
        <line num="10" count="12" type="stmt"/>
        <line num="11" count="12" type="cond" truecount="1" falsecount="1"/>
        <line num="12" count="24" type="stmt"/>
        <line num="16" count="12" type="stmt"/>
        <line num="17" count="12" type="stmt"/>
        <line num="20" count="27" type="stmt"/>
        <line num="21" count="1" type="stmt"/>
        <line num="22" count="1" type="stmt"/>
        <line num="23" count="1" type="stmt"/>
        <line num="26" count="27" type="stmt"/>
        <line num="33" count="3" type="stmt"/>
        <line num="39" count="12" type="stmt"/>
      </file>
      <file name="Event.jsx" path="C:\Users\annap\Desktop\meet\src\components\Event.jsx">
        <metrics statements="3" coveredstatements="3" conditionals="4" coveredconditionals="4" methods="2" coveredmethods="2"/>
        <line num="4" count="45" type="stmt"/>
        <line num="6" count="45" type="stmt"/>
        <line num="20" count="3" type="stmt"/>
      </file>
      <file name="EventList.jsx" path="C:\Users\annap\Desktop\meet\src\components\EventList.jsx">
        <metrics statements="3" coveredstatements="3" conditionals="2" coveredconditionals="2" methods="2" coveredmethods="2"/>
        <line num="5" count="2" type="stmt"/>
        <line num="6" count="7" type="stmt"/>
        <line num="9" count="35" type="stmt"/>
      </file>
      <file name="NumberOfEvents.jsx" path="C:\Users\annap\Desktop\meet\src\components\NumberOfEvents.jsx">
        <metrics statements="3" coveredstatements="3" conditionals="0" coveredconditionals="0" methods="2" coveredmethods="2"/>
        <line num="4" count="10" type="stmt"/>
        <line num="6" count="10" type="stmt"/>
        <line num="12" count="3" type="stmt"/>
      </file>
    </package>
  </project>
</coverage>
