{"C:\\Users\\annap\\Desktop\\meet\\src\\App.jsx": {"path":"C:\\Users\\annap\\Desktop\\meet\\src\\App.jsx","statementMap":{"0":{"start":{"line":11,"column":12},"end":{"line":64,"column":1}},"1":{"start":{"line":15,"column":28},"end":{"line":15,"column":45}},"2":{"start":{"line":18,"column":2},"end":{"line":21,"column":9}},"3":{"start":{"line":19,"column":18},"end":{"line":19,"column":47}},"4":{"start":{"line":20,"column":4},"end":{"line":20,"column":31}},"5":{"start":{"line":20,"column":15},"end":{"line":20,"column":31}},"6":{"start":{"line":24,"column":2},"end":{"line":26,"column":14}},"7":{"start":{"line":25,"column":4},"end":{"line":25,"column":41}},"8":{"start":{"line":28,"column":22},"end":{"line":30,"column":3}},"9":{"start":{"line":29,"column":4},"end":{"line":29,"column":62}},"10":{"start":{"line":29,"column":24},"end":{"line":29,"column":59}},"11":{"start":{"line":34,"column":30},"end":{"line":34,"column":42}},"12":{"start":{"line":35,"column":38},"end":{"line":35,"column":50}},"13":{"start":{"line":36,"column":42},"end":{"line":36,"column":54}},"14":{"start":{"line":37,"column":40},"end":{"line":37,"column":66}},"15":{"start":{"line":40,"column":2},"end":{"line":42,"column":32}},"16":{"start":{"line":41,"column":4},"end":{"line":41,"column":16}},"17":{"start":{"line":44,"column":20},"end":{"line":51,"column":3}},"18":{"start":{"line":45,"column":22},"end":{"line":45,"column":39}},"19":{"start":{"line":46,"column":27},"end":{"line":48,"column":63}},"20":{"start":{"line":48,"column":32},"end":{"line":48,"column":62}},"21":{"start":{"line":49,"column":4},"end":{"line":49,"column":51}},"22":{"start":{"line":50,"column":4},"end":{"line":50,"column":49}},"23":{"start":{"line":54,"column":2},"end":{"line":63,"column":4}}},"fnMap":{"0":{"name":"(anonymous_0)","decl":{"start":{"line":11,"column":12},"end":{"line":11,"column":13}},"loc":{"start":{"line":11,"column":18},"end":{"line":64,"column":1}},"line":11},"1":{"name":"(anonymous_1)","decl":{"start":{"line":18,"column":12},"end":{"line":18,"column":13}},"loc":{"start":{"line":18,"column":18},"end":{"line":21,"column":3}},"line":18},"2":{"name":"(anonymous_2)","decl":{"start":{"line":24,"column":12},"end":{"line":24,"column":13}},"loc":{"start":{"line":24,"column":18},"end":{"line":26,"column":3}},"line":24},"3":{"name":"(anonymous_3)","decl":{"start":{"line":28,"column":22},"end":{"line":28,"column":23}},"loc":{"start":{"line":28,"column":28},"end":{"line":30,"column":3}},"line":28},"4":{"name":"(anonymous_4)","decl":{"start":{"line":29,"column":13},"end":{"line":29,"column":14}},"loc":{"start":{"line":29,"column":24},"end":{"line":29,"column":59}},"line":29},"5":{"name":"(anonymous_5)","decl":{"start":{"line":40,"column":12},"end":{"line":40,"column":13}},"loc":{"start":{"line":40,"column":18},"end":{"line":42,"column":3}},"line":40},"6":{"name":"(anonymous_6)","decl":{"start":{"line":44,"column":20},"end":{"line":44,"column":21}},"loc":{"start":{"line":44,"column":32},"end":{"line":51,"column":3}},"line":44},"7":{"name":"(anonymous_7)","decl":{"start":{"line":48,"column":23},"end":{"line":48,"column":24}},"loc":{"start":{"line":48,"column":32},"end":{"line":48,"column":62}},"line":48}},"branchMap":{"0":{"loc":{"start":{"line":20,"column":4},"end":{"line":20,"column":31}},"type":"if","locations":[{"start":{"line":20,"column":4},"end":{"line":20,"column":31}},{"start":{},"end":{}}],"line":20},"1":{"loc":{"start":{"line":29,"column":24},"end":{"line":29,"column":59}},"type":"cond-expr","locations":[{"start":{"line":29,"column":43},"end":{"line":29,"column":49}},{"start":{"line":29,"column":52},"end":{"line":29,"column":59}}],"line":29},"2":{"loc":{"start":{"line":46,"column":27},"end":{"line":48,"column":63}},"type":"cond-expr","locations":[{"start":{"line":47,"column":6},"end":{"line":47,"column":15}},{"start":{"line":48,"column":6},"end":{"line":48,"column":63}}],"line":46}},"s":{"0":3,"1":14,"2":13,"3":8,"4":8,"5":5,"6":13,"7":8,"8":13,"9":0,"10":0,"11":13,"12":13,"13":13,"14":13,"15":13,"16":9,"17":13,"18":9,"19":9,"20":35,"21":9,"22":9,"23":13},"f":{"0":14,"1":8,"2":8,"3":0,"4":0,"5":9,"6":9,"7":35},"b":{"0":[5,3],"1":[0,0],"2":[8,1]},"_coverageSchema":"1a1c01bbd47fc00a2c39e90264f33305004495a9","hash":"4fde8aa0f1e341c0eb2af6e8a77184f3a417a10d"}
,"C:\\Users\\annap\\Desktop\\meet\\src\\api.js": {"path":"C:\\Users\\annap\\Desktop\\meet\\src\\api.js","statementMap":{"0":{"start":{"line":14,"column":32},"end":{"line":18,"column":1}},"1":{"start":{"line":15,"column":31},"end":{"line":15,"column":68}},"2":{"start":{"line":15,"column":53},"end":{"line":15,"column":67}},"3":{"start":{"line":16,"column":22},"end":{"line":16,"column":54}},"4":{"start":{"line":17,"column":4},"end":{"line":17,"column":21}},"5":{"start":{"line":20,"column":19},"end":{"line":26,"column":1}},"6":{"start":{"line":21,"column":18},"end":{"line":23,"column":2}},"7":{"start":{"line":24,"column":16},"end":{"line":24,"column":37}},"8":{"start":{"line":25,"column":1},"end":{"line":25,"column":15}},"9":{"start":{"line":31,"column":25},"end":{"line":47,"column":1}},"10":{"start":{"line":32,"column":4},"end":{"line":34,"column":5}},"11":{"start":{"line":33,"column":8},"end":{"line":33,"column":24}},"12":{"start":{"line":36,"column":18},"end":{"line":36,"column":40}},"13":{"start":{"line":38,"column":4},"end":{"line":46,"column":5}},"14":{"start":{"line":39,"column":4},"end":{"line":39,"column":18}},"15":{"start":{"line":40,"column":17},"end":{"line":40,"column":61}},"16":{"start":{"line":41,"column":21},"end":{"line":41,"column":37}},"17":{"start":{"line":42,"column":19},"end":{"line":42,"column":40}},"18":{"start":{"line":43,"column":4},"end":{"line":45,"column":23}},"19":{"start":{"line":44,"column":8},"end":{"line":44,"column":29}},"20":{"start":{"line":45,"column":11},"end":{"line":45,"column":23}},"21":{"start":{"line":49,"column":30},"end":{"line":70,"column":1}},"22":{"start":{"line":50,"column":24},"end":{"line":50,"column":60}},"23":{"start":{"line":52,"column":23},"end":{"line":52,"column":69}},"24":{"start":{"line":55,"column":4},"end":{"line":68,"column":5}},"25":{"start":{"line":56,"column":8},"end":{"line":56,"column":54}},"26":{"start":{"line":57,"column":29},"end":{"line":57,"column":72}},"27":{"start":{"line":58,"column":21},"end":{"line":58,"column":51}},"28":{"start":{"line":59,"column":4},"end":{"line":66,"column":5}},"29":{"start":{"line":60,"column":25},"end":{"line":62,"column":9}},"30":{"start":{"line":63,"column":23},"end":{"line":63,"column":44}},"31":{"start":{"line":64,"column":28},"end":{"line":64,"column":34}},"32":{"start":{"line":65,"column":8},"end":{"line":65,"column":48}},"33":{"start":{"line":67,"column":4},"end":{"line":67,"column":34}},"34":{"start":{"line":69,"column":4},"end":{"line":69,"column":23}},"35":{"start":{"line":72,"column":20},"end":{"line":85,"column":1}},"36":{"start":{"line":74,"column":4},"end":{"line":84,"column":5}},"37":{"start":{"line":75,"column":4},"end":{"line":79,"column":33}},"38":{"start":{"line":80,"column":4},"end":{"line":80,"column":45}},"39":{"start":{"line":82,"column":4},"end":{"line":82,"column":68}},"40":{"start":{"line":83,"column":4},"end":{"line":83,"column":45}},"41":{"start":{"line":87,"column":17},"end":{"line":97,"column":1}},"42":{"start":{"line":88,"column":23},"end":{"line":88,"column":47}},"43":{"start":{"line":89,"column":21},"end":{"line":91,"column":5}},"44":{"start":{"line":92,"column":29},"end":{"line":92,"column":50}},"45":{"start":{"line":93,"column":4},"end":{"line":93,"column":71}},"46":{"start":{"line":96,"column":4},"end":{"line":96,"column":24}}},"fnMap":{"0":{"name":"(anonymous_0)","decl":{"start":{"line":14,"column":32},"end":{"line":14,"column":33}},"loc":{"start":{"line":14,"column":44},"end":{"line":18,"column":1}},"line":14},"1":{"name":"(anonymous_1)","decl":{"start":{"line":15,"column":42},"end":{"line":15,"column":43}},"loc":{"start":{"line":15,"column":53},"end":{"line":15,"column":67}},"line":15},"2":{"name":"(anonymous_2)","decl":{"start":{"line":20,"column":19},"end":{"line":20,"column":20}},"loc":{"start":{"line":20,"column":42},"end":{"line":26,"column":1}},"line":20},"3":{"name":"(anonymous_3)","decl":{"start":{"line":31,"column":25},"end":{"line":31,"column":26}},"loc":{"start":{"line":31,"column":37},"end":{"line":47,"column":1}},"line":31},"4":{"name":"(anonymous_4)","decl":{"start":{"line":49,"column":30},"end":{"line":49,"column":31}},"loc":{"start":{"line":49,"column":42},"end":{"line":70,"column":1}},"line":49},"5":{"name":"(anonymous_5)","decl":{"start":{"line":72,"column":20},"end":{"line":72,"column":21}},"loc":{"start":{"line":72,"column":26},"end":{"line":85,"column":1}},"line":72},"6":{"name":"(anonymous_6)","decl":{"start":{"line":87,"column":17},"end":{"line":87,"column":18}},"loc":{"start":{"line":87,"column":33},"end":{"line":97,"column":1}},"line":87}},"branchMap":{"0":{"loc":{"start":{"line":32,"column":4},"end":{"line":34,"column":5}},"type":"if","locations":[{"start":{"line":32,"column":4},"end":{"line":34,"column":5}},{"start":{},"end":{}}],"line":32},"1":{"loc":{"start":{"line":38,"column":4},"end":{"line":46,"column":5}},"type":"if","locations":[{"start":{"line":38,"column":4},"end":{"line":46,"column":5}},{"start":{},"end":{}}],"line":38},"2":{"loc":{"start":{"line":43,"column":4},"end":{"line":45,"column":23}},"type":"if","locations":[{"start":{"line":43,"column":4},"end":{"line":45,"column":23}},{"start":{"line":45,"column":11},"end":{"line":45,"column":23}}],"line":43},"3":{"loc":{"start":{"line":52,"column":23},"end":{"line":52,"column":69}},"type":"binary-expr","locations":[{"start":{"line":52,"column":23},"end":{"line":52,"column":34}},{"start":{"line":52,"column":39},"end":{"line":52,"column":68}}],"line":52},"4":{"loc":{"start":{"line":55,"column":4},"end":{"line":68,"column":5}},"type":"if","locations":[{"start":{"line":55,"column":4},"end":{"line":68,"column":5}},{"start":{},"end":{}}],"line":55},"5":{"loc":{"start":{"line":55,"column":8},"end":{"line":55,"column":40}},"type":"binary-expr","locations":[{"start":{"line":55,"column":8},"end":{"line":55,"column":20}},{"start":{"line":55,"column":24},"end":{"line":55,"column":40}}],"line":55},"6":{"loc":{"start":{"line":59,"column":4},"end":{"line":66,"column":5}},"type":"if","locations":[{"start":{"line":59,"column":4},"end":{"line":66,"column":5}},{"start":{},"end":{}}],"line":59},"7":{"loc":{"start":{"line":67,"column":11},"end":{"line":67,"column":33}},"type":"binary-expr","locations":[{"start":{"line":67,"column":11},"end":{"line":67,"column":15}},{"start":{"line":67,"column":19},"end":{"line":67,"column":33}}],"line":67},"8":{"loc":{"start":{"line":74,"column":4},"end":{"line":84,"column":5}},"type":"if","locations":[{"start":{"line":74,"column":4},"end":{"line":84,"column":5}},{"start":{"line":81,"column":11},"end":{"line":84,"column":5}}],"line":74},"9":{"loc":{"start":{"line":74,"column":8},"end":{"line":74,"column":60}},"type":"binary-expr","locations":[{"start":{"line":74,"column":8},"end":{"line":74,"column":32}},{"start":{"line":74,"column":36},"end":{"line":74,"column":60}}],"line":74},"10":{"loc":{"start":{"line":93,"column":4},"end":{"line":93,"column":70}},"type":"binary-expr","locations":[{"start":{"line":93,"column":4},"end":{"line":93,"column":16}},{"start":{"line":93,"column":20},"end":{"line":93,"column":70}}],"line":93}},"s":{"0":4,"1":12,"2":420,"3":12,"4":12,"5":4,"6":0,"7":0,"8":0,"9":4,"10":21,"11":21,"12":0,"13":0,"14":0,"15":0,"16":0,"17":0,"18":0,"19":0,"20":0,"21":4,"22":0,"23":0,"24":0,"25":0,"26":0,"27":0,"28":0,"29":0,"30":0,"31":0,"32":0,"33":0,"34":0,"35":4,"36":0,"37":0,"38":0,"39":0,"40":0,"41":4,"42":0,"43":0,"44":0,"45":0,"46":0},"f":{"0":12,"1":420,"2":0,"3":21,"4":0,"5":0,"6":0},"b":{"0":[21,0],"1":[0,0],"2":[0,0],"3":[0,0],"4":[0,0],"5":[0,0],"6":[0,0],"7":[0,0],"8":[0,0],"9":[0,0],"10":[0,0]},"_coverageSchema":"1a1c01bbd47fc00a2c39e90264f33305004495a9","hash":"a8b121a4aa6ef1a3c84c755843f0c01e24a855f1"}
,"C:\\Users\\annap\\Desktop\\meet\\src\\mock-data.js": {"path":"C:\\Users\\annap\\Desktop\\meet\\src\\mock-data.js","statementMap":{"0":{"start":{"line":3,"column":17},"end":{"line":1369,"column":2}}},"fnMap":{},"branchMap":{},"s":{"0":4},"f":{},"b":{},"_coverageSchema":"1a1c01bbd47fc00a2c39e90264f33305004495a9","hash":"d75a9f43b6262952cff535a0d975c3aa2b5d109a"}
,"C:\\Users\\annap\\Desktop\\meet\\src\\components\\CitySearch.jsx": {"path":"C:\\Users\\annap\\Desktop\\meet\\src\\components\\CitySearch.jsx","statementMap":{"0":{"start":{"line":4,"column":19},"end":{"line":54,"column":1}},"1":{"start":{"line":5,"column":50},"end":{"line":5,"column":65}},"2":{"start":{"line":6,"column":30},"end":{"line":6,"column":42}},"3":{"start":{"line":7,"column":42},"end":{"line":7,"column":54}},"4":{"start":{"line":9,"column":4},"end":{"line":11,"column":28}},"5":{"start":{"line":10,"column":8},"end":{"line":10,"column":37}},"6":{"start":{"line":13,"column":31},"end":{"line":22,"column":5}},"7":{"start":{"line":14,"column":22},"end":{"line":14,"column":40}},"8":{"start":{"line":15,"column":34},"end":{"line":17,"column":15}},"9":{"start":{"line":16,"column":12},"end":{"line":16,"column":76}},"10":{"start":{"line":20,"column":8},"end":{"line":20,"column":24}},"11":{"start":{"line":21,"column":8},"end":{"line":21,"column":42}},"12":{"start":{"line":24,"column":30},"end":{"line":29,"column":5}},"13":{"start":{"line":25,"column":22},"end":{"line":25,"column":46}},"14":{"start":{"line":26,"column":8},"end":{"line":26,"column":24}},"15":{"start":{"line":27,"column":8},"end":{"line":27,"column":34}},"16":{"start":{"line":28,"column":8},"end":{"line":28,"column":30}},"17":{"start":{"line":31,"column":4},"end":{"line":53,"column":5}},"18":{"start":{"line":38,"column":31},"end":{"line":38,"column":55}},"19":{"start":{"line":44,"column":24},"end":{"line":44,"column":97}}},"fnMap":{"0":{"name":"(anonymous_0)","decl":{"start":{"line":4,"column":19},"end":{"line":4,"column":20}},"loc":{"start":{"line":4,"column":57},"end":{"line":54,"column":1}},"line":4},"1":{"name":"(anonymous_1)","decl":{"start":{"line":9,"column":14},"end":{"line":9,"column":15}},"loc":{"start":{"line":9,"column":20},"end":{"line":11,"column":5}},"line":9},"2":{"name":"(anonymous_2)","decl":{"start":{"line":13,"column":31},"end":{"line":13,"column":32}},"loc":{"start":{"line":13,"column":42},"end":{"line":22,"column":5}},"line":13},"3":{"name":"(anonymous_3)","decl":{"start":{"line":15,"column":69},"end":{"line":15,"column":70}},"loc":{"start":{"line":15,"column":83},"end":{"line":17,"column":9}},"line":15},"4":{"name":"(anonymous_4)","decl":{"start":{"line":24,"column":30},"end":{"line":24,"column":31}},"loc":{"start":{"line":24,"column":41},"end":{"line":29,"column":5}},"line":24},"5":{"name":"(anonymous_5)","decl":{"start":{"line":38,"column":25},"end":{"line":38,"column":26}},"loc":{"start":{"line":38,"column":31},"end":{"line":38,"column":55}},"line":38},"6":{"name":"(anonymous_6)","decl":{"start":{"line":43,"column":37},"end":{"line":43,"column":38}},"loc":{"start":{"line":43,"column":53},"end":{"line":45,"column":21}},"line":43}},"branchMap":{"0":{"loc":{"start":{"line":15,"column":34},"end":{"line":17,"column":15}},"type":"cond-expr","locations":[{"start":{"line":15,"column":49},"end":{"line":17,"column":10}},{"start":{"line":17,"column":13},"end":{"line":17,"column":15}}],"line":15},"1":{"loc":{"start":{"line":41,"column":13},"end":{"line":50,"column":18}},"type":"cond-expr","locations":[{"start":{"line":42,"column":16},"end":{"line":49,"column":21}},{"start":{"line":50,"column":14},"end":{"line":50,"column":18}}],"line":41}},"s":{"0":3,"1":62,"2":62,"3":62,"4":62,"5":18,"6":62,"7":18,"8":18,"9":36,"10":18,"11":18,"12":62,"13":2,"14":2,"15":2,"16":2,"17":62,"18":5,"19":26},"f":{"0":62,"1":18,"2":18,"3":36,"4":2,"5":5,"6":26},"b":{"0":[18,0],"1":[24,38]},"_coverageSchema":"1a1c01bbd47fc00a2c39e90264f33305004495a9","hash":"3fca00d6f03c091a405a09c928587c658e73824b"}
,"C:\\Users\\annap\\Desktop\\meet\\src\\components\\Event.jsx": {"path":"C:\\Users\\annap\\Desktop\\meet\\src\\components\\Event.jsx","statementMap":{"0":{"start":{"line":4,"column":40},"end":{"line":4,"column":55}},"1":{"start":{"line":6,"column":24},"end":{"line":12,"column":4}},"2":{"start":{"line":14,"column":2},"end":{"line":32,"column":4}},"3":{"start":{"line":27,"column":23},"end":{"line":27,"column":51}}},"fnMap":{"0":{"name":"Event","decl":{"start":{"line":3,"column":9},"end":{"line":3,"column":14}},"loc":{"start":{"line":3,"column":26},"end":{"line":33,"column":1}},"line":3},"1":{"name":"(anonymous_1)","decl":{"start":{"line":27,"column":17},"end":{"line":27,"column":18}},"loc":{"start":{"line":27,"column":23},"end":{"line":27,"column":51}},"line":27}},"branchMap":{"0":{"loc":{"start":{"line":21,"column":33},"end":{"line":21,"column":64}},"type":"cond-expr","locations":[{"start":{"line":21,"column":47},"end":{"line":21,"column":53}},{"start":{"line":21,"column":56},"end":{"line":21,"column":64}}],"line":21},"1":{"loc":{"start":{"line":29,"column":9},"end":{"line":29,"column":54}},"type":"cond-expr","locations":[{"start":{"line":29,"column":23},"end":{"line":29,"column":37}},{"start":{"line":29,"column":40},"end":{"line":29,"column":54}}],"line":29}},"s":{"0":190,"1":190,"2":190,"3":3},"f":{"0":190,"1":3},"b":{"0":[2,188],"1":[2,188]},"_coverageSchema":"1a1c01bbd47fc00a2c39e90264f33305004495a9","hash":"a8081e8b09a68466a492448f410960b1ba03bc39"}
,"C:\\Users\\annap\\Desktop\\meet\\src\\components\\EventList.jsx": {"path":"C:\\Users\\annap\\Desktop\\meet\\src\\components\\EventList.jsx","statementMap":{"0":{"start":{"line":5,"column":18},"end":{"line":13,"column":1}},"1":{"start":{"line":6,"column":2},"end":{"line":12,"column":4}},"2":{"start":{"line":9,"column":27},"end":{"line":9,"column":65}}},"fnMap":{"0":{"name":"(anonymous_0)","decl":{"start":{"line":5,"column":18},"end":{"line":5,"column":19}},"loc":{"start":{"line":5,"column":32},"end":{"line":13,"column":1}},"line":5},"1":{"name":"(anonymous_1)","decl":{"start":{"line":9,"column":18},"end":{"line":9,"column":19}},"loc":{"start":{"line":9,"column":27},"end":{"line":9,"column":65}},"line":9}},"branchMap":{"0":{"loc":{"start":{"line":8,"column":9},"end":{"line":10,"column":11}},"type":"cond-expr","locations":[{"start":{"line":9,"column":7},"end":{"line":9,"column":66}},{"start":{"line":10,"column":7},"end":{"line":10,"column":11}}],"line":8}},"s":{"0":3,"1":16,"2":180},"f":{"0":16,"1":180},"b":{"0":[14,2]},"_coverageSchema":"1a1c01bbd47fc00a2c39e90264f33305004495a9","hash":"212b7d8e552f3a31207ff81e62f42f16f3af244d"}
,"C:\\Users\\annap\\Desktop\\meet\\src\\components\\NumberOfEvents.jsx": {"path":"C:\\Users\\annap\\Desktop\\meet\\src\\components\\NumberOfEvents.jsx","statementMap":{"0":{"start":{"line":4,"column":30},"end":{"line":4,"column":44}},"1":{"start":{"line":6,"column":2},"end":{"line":15,"column":4}},"2":{"start":{"line":12,"column":25},"end":{"line":12,"column":50}}},"fnMap":{"0":{"name":"NumberOfEvents","decl":{"start":{"line":3,"column":9},"end":{"line":3,"column":23}},"loc":{"start":{"line":3,"column":26},"end":{"line":16,"column":1}},"line":3},"1":{"name":"(anonymous_1)","decl":{"start":{"line":12,"column":18},"end":{"line":12,"column":19}},"loc":{"start":{"line":12,"column":25},"end":{"line":12,"column":50}},"line":12}},"branchMap":{},"s":{"0":19,"1":19,"2":3},"f":{"0":19,"1":3},"b":{},"_coverageSchema":"1a1c01bbd47fc00a2c39e90264f33305004495a9","hash":"b9140fb069d587f3d2cc50a6958f5a7e26495872"}
,"C:\\Users\\annap\\Desktop\\meet\\src\\components\\ThemeToggle.jsx": {"path":"C:\\Users\\annap\\Desktop\\meet\\src\\components\\ThemeToggle.jsx","statementMap":{"0":{"start":{"line":4,"column":2},"end":{"line":13,"column":4}}},"fnMap":{"0":{"name":"ThemeToggle","decl":{"start":{"line":3,"column":9},"end":{"line":3,"column":20}},"loc":{"start":{"line":3,"column":45},"end":{"line":14,"column":1}},"line":3}},"branchMap":{"0":{"loc":{"start":{"line":10,"column":9},"end":{"line":10,"column":40}},"type":"cond-expr","locations":[{"start":{"line":10,"column":29},"end":{"line":10,"column":33}},{"start":{"line":10,"column":36},"end":{"line":10,"column":40}}],"line":10}},"s":{"0":13},"f":{"0":13},"b":{"0":[13,0]},"_coverageSchema":"1a1c01bbd47fc00a2c39e90264f33305004495a9","hash":"713c6a5c19d5e5b2c6d437e388f57811860b6200"}
}
