TN:
SF:src\App.jsx
FN:10,(anonymous_0)
FN:17,(anonymous_1)
FN:21,(anonymous_2)
FN:25,(anonymous_3)
FNF:4
FNH:4
FNDA:13,(anonymous_0)
FNDA:8,(anonymous_1)
FNDA:8,(anonymous_2)
FNDA:35,(anonymous_3)
DA:10,3
DA:12,13
DA:13,12
DA:14,12
DA:15,12
DA:17,12
DA:18,8
DA:21,12
DA:22,8
DA:23,8
DA:25,35
DA:26,8
DA:27,8
DA:31,12
LF:14
LH:14
BRDA:23,0,0,7
BRDA:23,0,1,1
BRF:2
BRH:2
end_of_record
TN:
SF:src\api.js
FN:15,(anonymous_0)
FN:16,(anonymous_1)
FN:25,(anonymous_2)
FNF:3
FNH:3
FNDA:11,(anonymous_0)
FNDA:385,(anonymous_1)
FNDA:20,(anonymous_2)
DA:15,4
DA:16,385
DA:17,11
DA:18,11
DA:25,4
DA:26,20
LF:6
LH:6
BRF:0
BRH:0
end_of_record
TN:
SF:src\mock-data.js
FNF:0
FNH:0
DA:3,4
LF:1
LH:1
BRF:0
BRH:0
end_of_record
TN:
SF:src\components\CitySearch.jsx
FN:4,(anonymous_0)
FN:9,(anonymous_1)
FN:13,(anonymous_2)
FN:15,(anonymous_3)
FN:24,(anonymous_4)
FN:38,(anonymous_5)
FN:43,(anonymous_6)
FNF:7
FNH:7
FNDA:60,(anonymous_0)
FNDA:17,(anonymous_1)
FNDA:18,(anonymous_2)
FNDA:36,(anonymous_3)
FNDA:2,(anonymous_4)
FNDA:5,(anonymous_5)
FNDA:26,(anonymous_6)
DA:4,3
DA:5,60
DA:6,60
DA:7,60
DA:9,60
DA:10,17
DA:13,60
DA:14,18
DA:15,18
DA:16,36
DA:20,18
DA:21,18
DA:24,60
DA:25,2
DA:26,2
DA:27,2
DA:28,2
DA:31,60
DA:38,5
DA:44,26
LF:20
LH:20
BRDA:15,0,0,18
BRDA:15,0,1,0
BRDA:41,1,0,24
BRDA:41,1,1,36
BRF:4
BRH:3
end_of_record
TN:
SF:src\components\Event.jsx
FN:3,Event
FN:20,(anonymous_1)
FNF:2
FNH:2
FNDA:190,Event
FNDA:3,(anonymous_1)
DA:4,190
DA:6,190
DA:20,3
LF:3
LH:3
BRDA:12,0,0,190
BRDA:12,0,1,2
BRDA:22,1,0,2
BRDA:22,1,1,188
BRF:4
BRH:4
end_of_record
TN:
SF:src\components\EventList.jsx
FN:5,(anonymous_0)
FN:9,(anonymous_1)
FNF:2
FNH:2
FNDA:15,(anonymous_0)
FNDA:180,(anonymous_1)
DA:5,3
DA:6,15
DA:9,180
LF:3
LH:3
BRDA:8,0,0,13
BRDA:8,0,1,2
BRF:2
BRH:2
end_of_record
TN:
SF:src\components\NumberOfEvents.jsx
FN:3,NumberOfEvents
FN:12,(anonymous_1)
FNF:2
FNH:2
FNDA:18,NumberOfEvents
FNDA:3,(anonymous_1)
DA:4,18
DA:6,18
DA:12,3
LF:3
LH:3
BRF:0
BRH:0
end_of_record
