TN:
SF:src\App.jsx
FN:7,App
FNF:1
FNH:1
FNDA:4,App
DA:8,4
LF:1
LH:1
BRF:0
BRH:0
end_of_record
TN:
SF:src\api.js
FN:15,(anonymous_0)
FN:16,(anonymous_1)
FN:25,(anonymous_2)
FNF:3
FNH:3
FNDA:2,(anonymous_0)
FNDA:70,(anonymous_1)
FNDA:10,(anonymous_2)
DA:15,3
DA:16,70
DA:17,2
DA:18,2
DA:25,3
DA:26,10
LF:6
LH:6
BRF:0
BRH:0
end_of_record
TN:
SF:src\mock-data.js
FNF:0
FNH:0
DA:3,3
LF:1
LH:1
BRF:0
BRH:0
end_of_record
TN:
SF:src\components\CitySearch.jsx
FN:4,(anonymous_0)
FN:9,(anonymous_1)
FN:11,(anonymous_2)
FN:20,(anonymous_3)
FN:33,(anonymous_4)
FN:38,(anonymous_5)
FNF:6
FNH:6
FNDA:27,(anonymous_0)
FNDA:12,(anonymous_1)
FNDA:24,(anonymous_2)
FNDA:1,(anonymous_3)
FNDA:3,(anonymous_4)
FNDA:12,(anonymous_5)
DA:4,2
DA:5,27
DA:6,27
DA:7,27
DA:9,27
DA:10,12
DA:11,12
DA:12,24
DA:16,12
DA:17,12
DA:20,27
DA:21,1
DA:22,1
DA:23,1
DA:26,27
DA:33,3
DA:39,12
LF:17
LH:17
BRDA:11,0,0,12
BRDA:11,0,1,0
BRDA:36,1,0,15
BRDA:36,1,1,12
BRF:4
BRH:3
end_of_record
TN:
SF:src\components\Event.jsx
FN:3,Event
FN:20,(anonymous_1)
FNF:2
FNH:2
FNDA:45,Event
FNDA:3,(anonymous_1)
DA:4,45
DA:6,45
DA:20,3
LF:3
LH:3
BRDA:12,0,0,45
BRDA:12,0,1,2
BRDA:22,1,0,2
BRDA:22,1,1,43
BRF:4
BRH:4
end_of_record
TN:
SF:src\components\EventList.jsx
FN:5,(anonymous_0)
FN:9,(anonymous_1)
FNF:2
FNH:2
FNDA:7,(anonymous_0)
FNDA:35,(anonymous_1)
DA:5,2
DA:6,7
DA:9,35
LF:3
LH:3
BRDA:8,0,0,1
BRDA:8,0,1,6
BRF:2
BRH:2
end_of_record
TN:
SF:src\components\NumberOfEvents.jsx
FN:3,NumberOfEvents
FN:12,(anonymous_1)
FNF:2
FNH:2
FNDA:10,NumberOfEvents
FNDA:3,(anonymous_1)
DA:4,10
DA:6,10
DA:12,3
LF:3
LH:3
BRF:0
BRH:0
end_of_record
